2025-07-17 12:33:59.218 | INFO     | utils.mlx_patch:apply_mlx_patches:77 - Applying MLX compatibility patches...
2025-07-17 12:33:59.218 | INFO     | utils.mlx_patch:patch_mlx_astype:72 - Applied MLX astype() compatibility patch
2025-07-17 12:33:59.218 | INFO     | utils.mlx_patch:apply_mlx_patches:79 - MLX compatibility patches applied successfully
None of PyTorch, TensorFlow >= 2.0, or Flax have been found. Models won't be available and only tokenizers, configuration and file/data utilities can be used.
None of PyTorch, TensorFlow >= 2.0, or Flax have been found. Models won't be available and only tokenizers, configuration and file/data utilities can be used.

MLX Unified Training System
============================================================

Loading data...
2025-07-17 12:34:02.273 | INFO     | data.mlx_dataloader:__init__:82 - Loading tokenizer: answerdotai/ModernBERT-base (backend: auto)
2025-07-17 12:34:02.273 | INFO     | embeddings.mlx_adapter:_load_mlx_embeddings:55 - Loading MLX embeddings model: mlx-community/answerdotai-ModernBERT-base-4bit
Fetching 6 files:   0%|          | 0/6 [00:00<?, ?it/s]Fetching 6 files: 100%|â–ˆâ–ˆâ–ˆâ–ˆâ–ˆâ–ˆâ–ˆâ–ˆâ–ˆâ–ˆ| 6/6 [00:00<00:00, 11214.72it/s]
2025-07-17 12:34:02.579 | INFO     | embeddings.mlx_adapter:_load_mlx_embeddings:58 - Successfully loaded MLX embeddings model
2025-07-17 12:34:02.579 | INFO     | embeddings.tokenizer_wrapper:_initialize_backend:59 - Using MLX embeddings tokenizer
2025-07-17 12:34:02.581 | DEBUG    | data.mlx_dataloader:_analyze_csv:133 - CSV columns: ['PassengerId', 'Survived', 'Pclass', 'Name', 'Sex', 'Age', 'SibSp', 'Parch', 'Ticket', 'Fare', 'Cabin', 'Embarked']
2025-07-17 12:34:02.581 | DEBUG    | data.mlx_dataloader:_analyze_csv:134 - Text columns: ['Pclass', 'Name', 'Sex', 'Age', 'SibSp', 'Parch', 'Ticket', 'Fare', 'Embarked']
2025-07-17 12:34:02.581 | DEBUG    | data.mlx_dataloader:_analyze_csv:135 - Has labels: True
2025-07-17 12:34:02.581 | INFO     | data.mlx_dataloader:_preprocess_data:139 - Preprocessing data...
2025-07-17 12:34:02.731 | INFO     | data.mlx_dataloader:_preprocess_data:173 - Preprocessed 891 samples
2025-07-17 12:34:02.731 | INFO     | data.mlx_dataloader:__init__:104 - Initialized KaggleDataLoader: 891 samples, 55 batches
2025-07-17 12:34:02.731 | INFO     | data.mlx_dataloader:__init__:82 - Loading tokenizer: answerdotai/ModernBERT-base (backend: auto)
2025-07-17 12:34:02.731 | INFO     | embeddings.mlx_adapter:_load_mlx_embeddings:55 - Loading MLX embeddings model: mlx-community/answerdotai-ModernBERT-base-4bit
Fetching 6 files:   0%|          | 0/6 [00:00<?, ?it/s]Fetching 6 files: 100%|â–ˆâ–ˆâ–ˆâ–ˆâ–ˆâ–ˆâ–ˆâ–ˆâ–ˆâ–ˆ| 6/6 [00:00<00:00, 17248.68it/s]
2025-07-17 12:34:02.894 | INFO     | embeddings.mlx_adapter:_load_mlx_embeddings:58 - Successfully loaded MLX embeddings model
2025-07-17 12:34:02.894 | INFO     | embeddings.tokenizer_wrapper:_initialize_backend:59 - Using MLX embeddings tokenizer
2025-07-17 12:34:02.895 | DEBUG    | data.mlx_dataloader:_analyze_csv:133 - CSV columns: ['PassengerId', 'Survived', 'Pclass', 'Name', 'Sex', 'Age', 'SibSp', 'Parch', 'Ticket', 'Fare', 'Cabin', 'Embarked']
2025-07-17 12:34:02.895 | DEBUG    | data.mlx_dataloader:_analyze_csv:134 - Text columns: ['Pclass', 'Name', 'Sex', 'Age', 'SibSp', 'Parch', 'Ticket', 'Fare', 'Embarked']
2025-07-17 12:34:02.895 | DEBUG    | data.mlx_dataloader:_analyze_csv:135 - Has labels: True
2025-07-17 12:34:02.895 | INFO     | data.mlx_dataloader:_preprocess_data:139 - Preprocessing data...
2025-07-17 12:34:02.926 | INFO     | data.mlx_dataloader:_preprocess_data:173 - Preprocessed 178 samples
2025-07-17 12:34:02.926 | INFO     | data.mlx_dataloader:__init__:104 - Initialized KaggleDataLoader: 178 samples, 5 batches
âœ“ Loaded ~896 training samples (56 batches)
âœ“ Loaded ~192 validation samples (6 batches)
2025-07-17 12:34:02.927 | INFO     | training.config:_validate_config:376 - Configuration validation passed
                Training Configuration                 
â”â”â”â”â”â”â”â”â”â”â”â”â”â”â”â”â”â”â”â”â”â”â”â”â”³â”â”â”â”â”â”â”â”â”â”â”â”â”â”â”â”â”â”â”â”â”â”â”â”â”â”â”â”â”â”“
â”ƒ Parameter             â”ƒ Value                       â”ƒ
â”¡â”â”â”â”â”â”â”â”â”â”â”â”â”â”â”â”â”â”â”â”â”â”â”â•‡â”â”â”â”â”â”â”â”â”â”â”â”â”â”â”â”â”â”â”â”â”â”â”â”â”â”â”â”â”â”©
â”‚ Model                 â”‚ answerdotai/ModernBERT-base â”‚
â”‚ Model Type            â”‚ base                        â”‚
â”‚ Output Directory      â”‚ output/run_20250717_123402  â”‚
â”‚ MLX Embeddings        â”‚ Disabled                    â”‚
â”‚ Tokenizer Backend     â”‚ auto                        â”‚
â”‚ Batch Size            â”‚ 16                          â”‚
â”‚ Learning Rate         â”‚ 2e-05                       â”‚
â”‚ Epochs                â”‚ 1                           â”‚
â”‚ Gradient Accumulation â”‚ 1                           â”‚
â”‚ MLflow                â”‚ Disabled                    â”‚
â”‚ Early Stopping        â”‚ 3                           â”‚
â””â”€â”€â”€â”€â”€â”€â”€â”€â”€â”€â”€â”€â”€â”€â”€â”€â”€â”€â”€â”€â”€â”€â”€â”´â”€â”€â”€â”€â”€â”€â”€â”€â”€â”€â”€â”€â”€â”€â”€â”€â”€â”€â”€â”€â”€â”€â”€â”€â”€â”€â”€â”€â”€â”˜
2025-07-17 12:34:02.933 | INFO     | models.factory:create_model:113 - Created standard ModernBERT model
2025-07-17 12:34:02.933 | INFO     | classification:__init__:167 - Initialized TitanicClassifier with cross_entropy loss
âœ“ Created ModernBERT with TitanicClassifier model
2025-07-17 12:34:02.933 | INFO     | training.rich_display_manager:__init__:52 - Initialized RichDisplayManager
huggingface/tokenizers: The current process just got forked, after parallelism has already been used. Disabling parallelism to avoid deadlocks...
To disable this warning, you can either:
	- Avoid using `tokenizers` before the fork if possible
	- Explicitly set the environment variable TOKENIZERS_PARALLELISM=(true | false)
[32m2025-07-17 12:34:02[0m | [1mINFO    [0m | [36mtraining.memory_manager[0m:[36m__init__[0m:[36m82[0m - [1mMemory Manager initialized:
  Apple Silicon: True
  Unified Memory: 32.00 GB
  Optimal Usage: 64.0%
  Target Memory: 20.48 GB[0m
[32m2025-07-17 12:34:02[0m | [1mINFO    [0m | [36mtraining.performance_profiler[0m:[36m__init__[0m:[36m101[0m - [1mPerformance Profiler initialized:
  Apple Silicon: True
  Neural Engine: True
  Thermal Monitoring: True
  Power Monitoring: True[0m
[32m2025-07-17 12:34:02[0m | [1mINFO    [0m | [36mtraining.monitoring[0m:[36m__init__[0m:[36m689[0m - [1mInitialized comprehensive monitoring system[0m
[32m2025-07-17 12:34:02[0m | [1mINFO    [0m | [36mtraining.mlx_trainer[0m:[36m_apply_apple_silicon_optimizations[0m:[36m1028[0m - [1mApplying Apple Silicon optimizations...[0m
[32m2025-07-17 12:34:02[0m | [1mINFO    [0m | [36mtraining.mlx_trainer[0m:[36m_apply_apple_silicon_optimizations[0m:[36m1043[0m - [1mMemory recommendations: Increase batch size for better throughput, Consider larger model if needed[0m
[32m2025-07-17 12:34:02[0m | [1mINFO    [0m | [36mtraining.mlx_trainer[0m:[36m__init__[0m:[36m142[0m - [1mInitialized Production MLX Trainer:
  Model: TitanicClassifier
  Optimization Level: auto
  Batch Size: 16 (effective: 16)
  Learning Rate: 2e-05
  Epochs: 1
  Apple Silicon: True
  MLflow Enabled: False
  Rich Console: False
  Output Dir: output/run_20250717_123402[0m

Starting training...

[32m2025-07-17 12:34:02[0m | [1mINFO    [0m | [36mtraining.rich_display_manager[0m:[36mstart[0m:[36m101[0m - [1mStarted RichDisplayManager[0m
[32m2025-07-17 12:34:02[0m | [1mINFO    [0m | [36mutils.logging_config[0m:[36m__enter__[0m:[36m128[0m - [1m============================================================[0m
[32m2025-07-17 12:34:02[0m | [1mINFO    [0m | [36mutils.logging_config[0m:[36m__enter__[0m:[36m129[0m - [1mStarting experiment: titanic_debug[0m
[32m2025-07-17 12:34:02[0m | [1mINFO    [0m | [36mutils.logging_config[0m:[36m__enter__[0m:[36m130[0m - [1mStart time: 2025-07-17 12:34:02.956079[0m
[32m2025-07-17 12:34:02[0m | [1mINFO    [0m | [36mutils.logging_config[0m:[36m__enter__[0m:[36m131[0m - [1m============================================================[0m
[32m2025-07-17 12:34:02[0m | [1mINFO    [0m | [36mutils.logging_config[0m:[36mlog_hyperparameters[0m:[36m99[0m - [1mHyperparameters:[0m
[32m2025-07-17 12:34:02[0m | [1mINFO    [0m | [36mutils.logging_config[0m:[36mlog_hyperparameters[0m:[36m101[0m - [1m  epochs: 1[0m
[32m2025-07-17 12:34:02[0m | [1mINFO    [0m | [36mutils.logging_config[0m:[36mlog_hyperparameters[0m:[36m101[0m - [1m  batch_size: 16[0m
[32m2025-07-17 12:34:02[0m | [1mINFO    [0m | [36mutils.logging_config[0m:[36mlog_hyperparameters[0m:[36m101[0m - [1m  learning_rate: 2e-05[0m
[32m2025-07-17 12:34:02[0m | [1mINFO    [0m | [36mutils.logging_config[0m:[36mlog_hyperparameters[0m:[36m101[0m - [1m  warmup_steps: 5[0m
[32m2025-07-17 12:34:02[0m | [1mINFO    [0m | [36mutils.logging_config[0m:[36mlog_hyperparameters[0m:[36m101[0m - [1m  max_steps: None[0m
[32m2025-07-17 12:34:02[0m | [1mINFO    [0m | [36mutils.logging_config[0m:[36mlog_hyperparameters[0m:[36m101[0m - [1m  model_name: answerdotai/ModernBERT-base[0m
[32m2025-07-17 12:34:02[0m | [1mINFO    [0m | [36mutils.logging_config[0m:[36mlog_hyperparameters[0m:[36m101[0m - [1m  model_type: modernbert[0m
[32m2025-07-17 12:34:02[0m | [1mINFO    [0m | [36mutils.logging_config[0m:[36mlog_hyperparameters[0m:[36m101[0m - [1m  max_length: 256[0m
[32m2025-07-17 12:34:02[0m | [1mINFO    [0m | [36mutils.logging_config[0m:[36mlog_hyperparameters[0m:[36m101[0m - [1m  num_labels: None[0m
[32m2025-07-17 12:34:02[0m | [1mINFO    [0m | [36mutils.logging_config[0m:[36mlog_hyperparameters[0m:[36m101[0m - [1m  train_path: data/titanic/train.csv[0m
[32m2025-07-17 12:34:02[0m | [1mINFO    [0m | [36mutils.logging_config[0m:[36mlog_hyperparameters[0m:[36m101[0m - [1m  val_path: data/titanic/val.csv[0m
[32m2025-07-17 12:34:02[0m | [1mINFO    [0m | [36mutils.logging_config[0m:[36mlog_hyperparameters[0m:[36m101[0m - [1m  test_path: None[0m
[32m2025-07-17 12:34:02[0m | [1mINFO    [0m | [36mutils.logging_config[0m:[36mlog_hyperparameters[0m:[36m101[0m - [1m  target_column: None[0m
[32m2025-07-17 12:34:02[0m | [1mINFO    [0m | [36mutils.logging_config[0m:[36mlog_hyperparameters[0m:[36m101[0m - [1m  optimizer: adamw[0m
[32m2025-07-17 12:34:02[0m | [1mINFO    [0m | [36mutils.logging_config[0m:[36mlog_hyperparameters[0m:[36m101[0m - [1m  lr_schedule: cosine_warmup[0m
[32m2025-07-17 12:34:02[0m | [1mINFO    [0m | [36mutils.logging_config[0m:[36mlog_hyperparameters[0m:[36m101[0m - [1m  loss_function: cross_entropy[0m
[32m2025-07-17 12:34:02[0m | [1mINFO    [0m | [36mutils.logging_config[0m:[36mlog_hyperparameters[0m:[36m101[0m - [1m  optimization_level: auto[0m
[32m2025-07-17 12:34:02[0m | [1mINFO    [0m | [36mutils.logging_config[0m:[36mlog_hyperparameters[0m:[36m101[0m - [1m  memory: {'enable_memory_profiling': True, 'memory_limit_gb': None, 'dynamic_batch_sizing': True, 'min_batch_size': 4, 'max_batch_size': 128, 'memory_check_interval': 100, 'unified_memory_fraction': 0.8, 'enable_memory_pool': True, 'force_garbage_collection': True, 'gc_interval': 500}[0m
[32m2025-07-17 12:34:02[0m | [1mINFO    [0m | [36mutils.logging_config[0m:[36mlog_hyperparameters[0m:[36m101[0m - [1m  mlx_optimization: {'enable_lazy_evaluation': True, 'eval_frequency': 10, 'enable_gradient_checkpointing': False, 'gradient_accumulation_steps': 1, 'max_grad_norm': 1.0, 'device_placement_strategy': 'auto', 'enable_multi_device': False, 'mixed_precision': False, 'precision_dtype': 'float32', 'enable_jit': True, 'optimize_memory_layout': True}[0m
[32m2025-07-17 12:34:02[0m | [1mINFO    [0m | [36mutils.logging_config[0m:[36mlog_hyperparameters[0m:[36m101[0m - [1m  monitoring: {'enable_mlflow': False, 'experiment_name': 'titanic_debug', 'run_name': 'base_20250717_123402', 'tracking_uri': None, 'log_level': 'INFO', 'log_to_file': True, 'log_file_path': 'output/run_20250717_123402/training.log', 'enable_rich_console': False, 'log_frequency': 10, 'eval_frequency': 500, 'save_frequency': 1000, 'enable_progress_bar': True, 'progress_bar_style': 'rich', 'track_gradients': False, 'track_weights': False, 'track_memory': True, 'track_performance': True}[0m
[32m2025-07-17 12:34:02[0m | [1mINFO    [0m | [36mutils.logging_config[0m:[36mlog_hyperparameters[0m:[36m101[0m - [1m  checkpoint: {'enable_checkpointing': True, 'checkpoint_dir': 'output/run_20250717_123402/output/run_20250717_123402/checkpoints', 'checkpoint_frequency': 10, 'save_optimizer_state': True, 'save_scheduler_state': True, 'save_random_state': True, 'save_model_weights': True, 'max_checkpoints_to_keep': 5, 'save_best_model': True, 'best_model_metric': 'val_accuracy', 'best_model_mode': 'max', 'auto_resume': True, 'resume_from_checkpoint': None, 'use_safetensors': True, 'compress_checkpoints': False}[0m
[32m2025-07-17 12:34:02[0m | [1mINFO    [0m | [36mutils.logging_config[0m:[36mlog_hyperparameters[0m:[36m101[0m - [1m  evaluation: {'eval_during_training': True, 'eval_steps': 5, 'eval_strategy': 'steps', 'primary_metric': 'accuracy', 'metrics_to_compute': ['accuracy', 'precision', 'recall', 'f1', 'auc'], 'enable_early_stopping': True, 'early_stopping_patience': 3, 'early_stopping_threshold': 0.001, 'early_stopping_metric': 'val_loss', 'early_stopping_mode': 'min', 'validation_split': 0.2, 'validation_batch_size': None, 'test_at_end': True, 'generate_predictions': True, 'save_predictions': True}[0m
[32m2025-07-17 12:34:02[0m | [1mINFO    [0m | [36mutils.logging_config[0m:[36mlog_hyperparameters[0m:[36m101[0m - [1m  advanced: {'label_smoothing': 0.0, 'dropout_rate': 0.1, 'weight_decay': 0.01, 'enable_augmentation': True, 'augmentation_probability': 0.5, 'enable_curriculum_learning': False, 'curriculum_strategy': 'difficulty', 'curriculum_pace': 0.1, 'enable_ensembling': False, 'ensemble_size': 1, 'ensemble_strategy': 'averaging', 'enable_distillation': False, 'teacher_model_path': None, 'distillation_temperature': 3.0, 'distillation_alpha': 0.5, 'enable_hpo': False, 'hpo_backend': 'optuna', 'hpo_trials': 50, 'hpo_metric': 'val_accuracy'}[0m
[32m2025-07-17 12:34:02[0m | [1mINFO    [0m | [36mutils.logging_config[0m:[36mlog_hyperparameters[0m:[36m101[0m - [1m  seed: 42[0m
[32m2025-07-17 12:34:02[0m | [1mINFO    [0m | [36mutils.logging_config[0m:[36mlog_hyperparameters[0m:[36m101[0m - [1m  deterministic: True[0m
[32m2025-07-17 12:34:02[0m | [1mINFO    [0m | [36mutils.logging_config[0m:[36mlog_hyperparameters[0m:[36m101[0m - [1m  output_dir: output/run_20250717_123402[0m
[32m2025-07-17 12:34:02[0m | [1mINFO    [0m | [36mutils.logging_config[0m:[36mlog_hyperparameters[0m:[36m101[0m - [1m  experiment_name: titanic_debug[0m
[32m2025-07-17 12:34:02[0m | [1mINFO    [0m | [36mutils.logging_config[0m:[36mlog_hyperparameters[0m:[36m101[0m - [1m  run_name: base_20250717_123402[0m
[32m2025-07-17 12:34:02[0m | [1mINFO    [0m | [36mtraining.config[0m:[36m_auto_configure_optimization[0m:[36m310[0m - [1mAuto-configuring optimization level...[0m
[32m2025-07-17 12:34:02[0m | [1mINFO    [0m | [36mtraining.config[0m:[36mupdate_from_dataset[0m:[36m616[0m - [1mAuto-configured optimization level: OptimizationLevel.DEVELOPMENT[0m
[32m2025-07-17 12:34:02[0m | [1mINFO    [0m | [36mtraining.mlx_trainer[0m:[36mtrain[0m:[36m650[0m - [1mTraining Configuration:
  Steps per epoch: 56
  Total steps: 56
  Effective batch size: 16
  Warmup steps: 5[0m
[32m2025-07-17 12:34:02[0m | [1mINFO    [0m | [36mtraining.monitoring[0m:[36mstart_training[0m:[36m699[0m - [1mStarted training monitoring: 1 epochs, 56 steps/epoch[0m
[32m2025-07-17 12:34:09[0m | [1mINFO    [0m | [36mtraining.mlx_trainer[0m:[36mevaluate[0m:[36m472[0m - [1mStarting validation evaluation[0m
[32m2025-07-17 12:34:13[0m | [1mINFO    [0m | [36mtraining.mlx_trainer[0m:[36mevaluate[0m:[36m565[0m - [1mValidation Results: Loss=0.6455, Acc=0.6629, F1=0.0909[0m
[32m2025-07-17 12:34:13[0m | [1mINFO    [0m | [36mtraining.monitoring[0m:[36mlog_validation[0m:[36m800[0m - [1mValidation metrics improved at step 5[0m
[32m2025-07-17 12:34:13[0m | [1mINFO    [0m | [36mtraining.monitoring[0m:[36mlog_validation[0m:[36m802[0m - [1m  Best val_loss: 0.6455[0m
[32m2025-07-17 12:34:13[0m | [1mINFO    [0m | [36mtraining.monitoring[0m:[36mlog_validation[0m:[36m804[0m - [1m  Best val_accuracy: 0.6629[0m
[32m2025-07-17 12:34:13[0m | [1mINFO    [0m | [36mtraining.mlx_trainer[0m:[36mevaluate[0m:[36m583[0m - [1mNew best validation metrics at step 5[0m
[32m2025-07-17 12:34:14[0m | [1mINFO    [0m | [36mmodels.modernbert[0m:[36msave_pretrained[0m:[36m329[0m - [1mModel saved to output/run_20250717_123402/output/run_20250717_123402/checkpoints/best_model/bert_model[0m
[32m2025-07-17 12:34:14[0m | [1mINFO    [0m | [36mclassification[0m:[36msave_pretrained[0m:[36m421[0m - [1mTitanicClassifier saved to output/run_20250717_123402/output/run_20250717_123402/checkpoints/best_model[0m
[32m2025-07-17 12:34:15[0m | [1mINFO    [0m | [36mtraining.mlx_trainer[0m:[36m_save_checkpoint[0m:[36m935[0m - [1mCheckpoint saved: output/run_20250717_123402/output/run_20250717_123402/checkpoints/best_model[0m
[32m2025-07-17 12:34:21[0m | [1mINFO    [0m | [36mtraining.mlx_trainer[0m:[36mevaluate[0m:[36m472[0m - [1mStarting validation evaluation[0m
[32m2025-07-17 12:34:25[0m | [1mINFO    [0m | [36mtraining.mlx_trainer[0m:[36mevaluate[0m:[36m565[0m - [1mValidation Results: Loss=0.6706, Acc=0.6067, F1=0.0000[0m
[32m2025-07-17 12:34:31[0m | [1mINFO    [0m | [36mtraining.mlx_trainer[0m:[36mevaluate[0m:[36m472[0m - [1mStarting validation evaluation[0m
[32m2025-07-17 12:34:35[0m | [1mINFO    [0m | [36mtraining.mlx_trainer[0m:[36mevaluate[0m:[36m565[0m - [1mValidation Results: Loss=0.7014, Acc=0.5056, F1=0.4359[0m
[32m2025-07-17 12:34:41[0m | [1mINFO    [0m | [36mtraining.mlx_trainer[0m:[36mevaluate[0m:[36m472[0m - [1mStarting validation evaluation[0m
[32m2025-07-17 12:34:45[0m | [1mINFO    [0m | [36mtraining.mlx_trainer[0m:[36mevaluate[0m:[36m565[0m - [1mValidation Results: Loss=0.6569, Acc=0.6517, F1=0.0606[0m
[32m2025-07-17 12:34:50[0m | [1mINFO    [0m | [36mtraining.mlx_trainer[0m:[36mevaluate[0m:[36m472[0m - [1mStarting validation evaluation[0m
[32m2025-07-17 12:34:55[0m | [1mINFO    [0m | [36mtraining.mlx_trainer[0m:[36mevaluate[0m:[36m565[0m - [1mValidation Results: Loss=0.7146, Acc=0.4663, F1=0.4509[0m
[32m2025-07-17 12:35:00[0m | [1mINFO    [0m | [36mtraining.mlx_trainer[0m:[36mevaluate[0m:[36m472[0m - [1mStarting validation evaluation[0m
[32m2025-07-17 12:35:04[0m | [1mINFO    [0m | [36mtraining.mlx_trainer[0m:[36mevaluate[0m:[36m565[0m - [1mValidation Results: Loss=0.6502, Acc=0.6236, F1=0.0822[0m
[32m2025-07-17 12:35:10[0m | [1mINFO    [0m | [36mtraining.mlx_trainer[0m:[36mevaluate[0m:[36m472[0m - [1mStarting validation evaluation[0m
[32m2025-07-17 12:35:14[0m | [1mINFO    [0m | [36mtraining.mlx_trainer[0m:[36mevaluate[0m:[36m565[0m - [1mValidation Results: Loss=0.6515, Acc=0.6348, F1=0.0299[0m
[32m2025-07-17 12:35:20[0m | [1mINFO    [0m | [36mtraining.mlx_trainer[0m:[36mevaluate[0m:[36m472[0m - [1mStarting validation evaluation[0m
[32m2025-07-17 12:35:24[0m | [1mINFO    [0m | [36mtraining.mlx_trainer[0m:[36mevaluate[0m:[36m565[0m - [1mValidation Results: Loss=0.6483, Acc=0.6517, F1=0.0312[0m
[32m2025-07-17 12:35:30[0m | [1mINFO    [0m | [36mtraining.mlx_trainer[0m:[36mevaluate[0m:[36m472[0m - [1mStarting validation evaluation[0m
[32m2025-07-17 12:35:34[0m | [1mINFO    [0m | [36mtraining.mlx_trainer[0m:[36mevaluate[0m:[36m565[0m - [1mValidation Results: Loss=0.6487, Acc=0.6517, F1=0.0000[0m
[32m2025-07-17 12:35:39[0m | [1mINFO    [0m | [36mtraining.mlx_trainer[0m:[36mevaluate[0m:[36m472[0m - [1mStarting validation evaluation[0m
[32m2025-07-17 12:35:43[0m | [1mINFO    [0m | [36mtraining.mlx_trainer[0m:[36mevaluate[0m:[36m565[0m - [1mValidation Results: Loss=0.6399, Acc=0.6573, F1=0.0000[0m
[32m2025-07-17 12:35:43[0m | [1mINFO    [0m | [36mtraining.monitoring[0m:[36mlog_validation[0m:[36m800[0m - [1mValidation metrics improved at step 50[0m
[32m2025-07-17 12:35:43[0m | [1mINFO    [0m | [36mtraining.monitoring[0m:[36mlog_validation[0m:[36m802[0m - [1m  Best val_loss: 0.6399[0m
[32m2025-07-17 12:35:43[0m | [1mINFO    [0m | [36mtraining.mlx_trainer[0m:[36mevaluate[0m:[36m583[0m - [1mNew best validation metrics at step 50[0m
[32m2025-07-17 12:35:49[0m | [1mINFO    [0m | [36mtraining.mlx_trainer[0m:[36mevaluate[0m:[36m472[0m - [1mStarting validation evaluation[0m
[32m2025-07-17 12:35:53[0m | [1mINFO    [0m | [36mtraining.mlx_trainer[0m:[36mevaluate[0m:[36m565[0m - [1mValidation Results: Loss=0.6390, Acc=0.6517, F1=0.0000[0m
[32m2025-07-17 12:35:53[0m | [1mINFO    [0m | [36mtraining.monitoring[0m:[36mlog_validation[0m:[36m800[0m - [1mValidation metrics improved at step 55[0m
[32m2025-07-17 12:35:53[0m | [1mINFO    [0m | [36mtraining.monitoring[0m:[36mlog_validation[0m:[36m802[0m - [1m  Best val_loss: 0.6390[0m
[32m2025-07-17 12:35:53[0m | [1mINFO    [0m | [36mtraining.mlx_trainer[0m:[36mevaluate[0m:[36m583[0m - [1mNew best validation metrics at step 55[0m
[32m2025-07-17 12:35:55[0m | [1mINFO    [0m | [36mtraining.mlx_trainer[0m:[36mtrain[0m:[36m686[0m - [1mEpoch 1/1 completed: Loss=0.7405, Time=112.3s[0m
[32m2025-07-17 12:35:55[0m | [1mINFO    [0m | [36mtraining.mlx_trainer[0m:[36m_final_evaluation[0m:[36m876[0m - [1mRunning final validation evaluation[0m
[32m2025-07-17 12:35:55[0m | [1mINFO    [0m | [36mtraining.mlx_trainer[0m:[36mevaluate[0m:[36m472[0m - [1mStarting final_validation evaluation[0m
