2025/07/17 11:29:42 INFO mlflow.store.db.utils: Creating initial MLflow database tables...
2025/07/17 11:29:42 INFO mlflow.store.db.utils: Updating database tables
INFO  [alembic.runtime.migration] Context impl SQLiteImpl.
INFO  [alembic.runtime.migration] Will assume non-transactional DDL.
INFO  [alembic.runtime.migration] Context impl SQLiteImpl.
INFO  [alembic.runtime.migration] Will assume non-transactional DDL.
2025/07/17 11:29:42 INFO mlflow.store.db.utils: Creating initial MLflow database tables...
2025/07/17 11:29:42 INFO mlflow.store.db.utils: Updating database tables
INFO  [alembic.runtime.migration] Context impl SQLiteImpl.
INFO  [alembic.runtime.migration] Will assume non-transactional DDL.
[2025-07-17 11:29:42 -0700] [70871] [INFO] Starting gunicorn 23.0.0
[2025-07-17 11:29:42 -0700] [70871] [INFO] Listening at: http://0.0.0.0:8080 (70871)
[2025-07-17 11:29:42 -0700] [70871] [INFO] Using worker: sync
[2025-07-17 11:29:42 -0700] [70872] [INFO] Booting worker with pid: 70872
[2025-07-17 11:29:42 -0700] [70873] [INFO] Booting worker with pid: 70873
[2025-07-17 11:29:42 -0700] [70874] [INFO] Booting worker with pid: 70874
[2025-07-17 11:29:42 -0700] [70875] [INFO] Booting worker with pid: 70875
2025/07/17 11:29:52 INFO mlflow.store.db.utils: Creating initial MLflow database tables...
2025/07/17 11:29:52 INFO mlflow.store.db.utils: Updating database tables
INFO  [alembic.runtime.migration] Context impl SQLiteImpl.
INFO  [alembic.runtime.migration] Will assume non-transactional DDL.
INFO  [alembic.runtime.migration] Context impl SQLiteImpl.
INFO  [alembic.runtime.migration] Will assume non-transactional DDL.
2025/07/17 11:29:53 INFO mlflow.store.db.utils: Creating initial MLflow database tables...
2025/07/17 11:29:53 INFO mlflow.store.db.utils: Updating database tables
INFO  [alembic.runtime.migration] Context impl SQLiteImpl.
INFO  [alembic.runtime.migration] Will assume non-transactional DDL.
2025/07/17 11:29:53 INFO mlflow.store.db.utils: Creating initial MLflow database tables...
2025/07/17 11:29:53 INFO mlflow.store.db.utils: Creating initial MLflow database tables...
2025/07/17 11:29:53 INFO mlflow.store.db.utils: Updating database tables
2025/07/17 11:29:53 INFO mlflow.store.db.utils: Updating database tables
INFO  [alembic.runtime.migration] Context impl SQLiteImpl.
INFO  [alembic.runtime.migration] Will assume non-transactional DDL.
INFO  [alembic.runtime.migration] Context impl SQLiteImpl.
INFO  [alembic.runtime.migration] Will assume non-transactional DDL.
INFO  [alembic.runtime.migration] Context impl SQLiteImpl.
INFO  [alembic.runtime.migration] Will assume non-transactional DDL.
INFO  [alembic.runtime.migration] Context impl SQLiteImpl.
INFO  [alembic.runtime.migration] Will assume non-transactional DDL.
INFO  [alembic.runtime.migration] Context impl SQLiteImpl.
INFO  [alembic.runtime.migration] Will assume non-transactional DDL.
2025/07/17 11:29:56 INFO mlflow.store.db.utils: Creating initial MLflow database tables...
2025/07/17 11:29:56 INFO mlflow.store.db.utils: Updating database tables
INFO  [alembic.runtime.migration] Context impl SQLiteImpl.
INFO  [alembic.runtime.migration] Will assume non-transactional DDL.
2025/07/17 11:29:57 INFO mlflow.store.db.utils: Creating initial MLflow database tables...
2025/07/17 11:29:57 INFO mlflow.store.db.utils: Updating database tables
INFO  [alembic.runtime.migration] Context impl SQLiteImpl.
INFO  [alembic.runtime.migration] Will assume non-transactional DDL.
2025/07/17 11:43:24 INFO mlflow.store.db.utils: Creating initial MLflow database tables...
2025/07/17 11:43:24 INFO mlflow.store.db.utils: Updating database tables
INFO  [alembic.runtime.migration] Context impl SQLiteImpl.
INFO  [alembic.runtime.migration] Will assume non-transactional DDL.
2025/07/17 11:43:26 INFO mlflow.store.db.utils: Creating initial MLflow database tables...
2025/07/17 11:43:26 INFO mlflow.store.db.utils: Updating database tables
INFO  [alembic.runtime.migration] Context impl SQLiteImpl.
INFO  [alembic.runtime.migration] Will assume non-transactional DDL.
