2025/07/17 13:18:56 INFO mlflow.store.db.utils: Creating initial MLflow database tables...
2025/07/17 13:18:56 INFO mlflow.store.db.utils: Updating database tables
INFO  [alembic.runtime.migration] Context impl SQLiteImpl.
INFO  [alembic.runtime.migration] Will assume non-transactional DDL.
INFO  [alembic.runtime.migration] Context impl SQLiteImpl.
INFO  [alembic.runtime.migration] Will assume non-transactional DDL.
2025/07/17 13:18:56 INFO mlflow.store.db.utils: Creating initial MLflow database tables...
2025/07/17 13:18:56 INFO mlflow.store.db.utils: Updating database tables
INFO  [alembic.runtime.migration] Context impl SQLiteImpl.
INFO  [alembic.runtime.migration] Will assume non-transactional DDL.
[2025-07-17 13:18:56 -0700] [39511] [INFO] Starting gunicorn 23.0.0
[2025-07-17 13:18:56 -0700] [39511] [INFO] Listening at: http://0.0.0.0:8080 (39511)
[2025-07-17 13:18:56 -0700] [39511] [INFO] Using worker: sync
[2025-07-17 13:18:56 -0700] [39512] [INFO] Booting worker with pid: 39512
[2025-07-17 13:18:56 -0700] [39513] [INFO] Booting worker with pid: 39513
[2025-07-17 13:18:56 -0700] [39514] [INFO] Booting worker with pid: 39514
[2025-07-17 13:18:56 -0700] [39515] [INFO] Booting worker with pid: 39515
2025/07/17 13:19:01 INFO mlflow.store.db.utils: Creating initial MLflow database tables...
2025/07/17 13:19:01 INFO mlflow.store.db.utils: Updating database tables
INFO  [alembic.runtime.migration] Context impl SQLiteImpl.
INFO  [alembic.runtime.migration] Will assume non-transactional DDL.
INFO  [alembic.runtime.migration] Context impl SQLiteImpl.
INFO  [alembic.runtime.migration] Will assume non-transactional DDL.
2025/07/17 13:19:02 INFO mlflow.store.db.utils: Creating initial MLflow database tables...
2025/07/17 13:19:02 INFO mlflow.store.db.utils: Updating database tables
INFO  [alembic.runtime.migration] Context impl SQLiteImpl.
INFO  [alembic.runtime.migration] Will assume non-transactional DDL.
INFO  [alembic.runtime.migration] Context impl SQLiteImpl.
INFO  [alembic.runtime.migration] Will assume non-transactional DDL.
2025/07/17 13:19:02 INFO mlflow.store.db.utils: Creating initial MLflow database tables...
2025/07/17 13:19:02 INFO mlflow.store.db.utils: Creating initial MLflow database tables...
2025/07/17 13:19:02 INFO mlflow.store.db.utils: Updating database tables
2025/07/17 13:19:02 INFO mlflow.store.db.utils: Updating database tables
INFO  [alembic.runtime.migration] Context impl SQLiteImpl.
INFO  [alembic.runtime.migration] Will assume non-transactional DDL.
INFO  [alembic.runtime.migration] Context impl SQLiteImpl.
INFO  [alembic.runtime.migration] Will assume non-transactional DDL.
INFO  [alembic.runtime.migration] Context impl SQLiteImpl.
INFO  [alembic.runtime.migration] Will assume non-transactional DDL.
INFO  [alembic.runtime.migration] Context impl SQLiteImpl.
INFO  [alembic.runtime.migration] Will assume non-transactional DDL.
2025/07/17 13:19:04 INFO mlflow.store.db.utils: Creating initial MLflow database tables...
2025/07/17 13:19:04 INFO mlflow.store.db.utils: Updating database tables
INFO  [alembic.runtime.migration] Context impl SQLiteImpl.
INFO  [alembic.runtime.migration] Will assume non-transactional DDL.
2025/07/17 13:19:04 INFO mlflow.store.db.utils: Creating initial MLflow database tables...
2025/07/17 13:19:04 INFO mlflow.store.db.utils: Updating database tables
INFO  [alembic.runtime.migration] Context impl SQLiteImpl.
INFO  [alembic.runtime.migration] Will assume non-transactional DDL.
2025/07/17 13:19:26 INFO mlflow.store.db.utils: Creating initial MLflow database tables...
2025/07/17 13:19:26 INFO mlflow.store.db.utils: Updating database tables
INFO  [alembic.runtime.migration] Context impl SQLiteImpl.
INFO  [alembic.runtime.migration] Will assume non-transactional DDL.
2025/07/17 13:19:50 INFO mlflow.store.db.utils: Creating initial MLflow database tables...
2025/07/17 13:19:50 INFO mlflow.store.db.utils: Updating database tables
INFO  [alembic.runtime.migration] Context impl SQLiteImpl.
INFO  [alembic.runtime.migration] Will assume non-transactional DDL.
